


ARM Macro Assembler    Page 1 


    1 00000000         ;/******************************************************
                       ********************//**
    2 00000000         ; * @file     startup_ARMCM3.s
    3 00000000         ; * @brief    CMSIS Core Device Startup File for
    4 00000000         ; *           ARMCM3 Device Series
    5 00000000         ; * @version  V5.00
    6 00000000         ; * @date     02. March 2016
    7 00000000         ; ******************************************************
                       ************************/
    8 00000000         ;/*
    9 00000000         ; * Copyright (c) 2009-2016 ARM Limited. All rights rese
                       rved.
   10 00000000         ; *
   11 00000000         ; * SPDX-License-Identifier: Apache-2.0
   12 00000000         ; *
   13 00000000         ; * Licensed under the Apache License, Version 2.0 (the 
                       License); you may
   14 00000000         ; * not use this file except in compliance with the Lice
                       nse.
   15 00000000         ; * You may obtain a copy of the License at
   16 00000000         ; *
   17 00000000         ; * www.apache.org/licenses/LICENSE-2.0
   18 00000000         ; *
   19 00000000         ; * Unless required by applicable law or agreed to in wr
                       iting, software
   20 00000000         ; * distributed under the License is distributed on an A
                       S IS BASIS, WITHOUT
   21 00000000         ; * WARRANTIES OR CONDITIONS OF ANY KIND, either express
                        or implied.
   22 00000000         ; * See the License for the specific language governing 
                       permissions and
   23 00000000         ; * limitations under the License.
   24 00000000         ; */
   25 00000000         
   26 00000000         ;/*
   27 00000000         ;//-------- <<< Use Configuration Wizard in Context Menu
                        >>> ------------------
   28 00000000         ;*/
   29 00000000         
   30 00000000         
   31 00000000         ; <h> Stack Configuration
   32 00000000         ;   <o> Stack Size (in Bytes) <0x0-0xFFFFFFFF:8>
   33 00000000         ; </h>
   34 00000000         
   35 00000000 00001000 
                       Stack_Size
                               EQU              0x00001000
   36 00000000         
   37 00000000                 AREA             STACK, NOINIT, READWRITE, ALIGN
=3
   38 00000000         Stack_Mem
                               SPACE            Stack_Size
   39 00001000         __initial_sp
   40 00001000         
   41 00001000         
   42 00001000         ; <h> Heap Configuration
   43 00001000         ;   <o>  Heap Size (in Bytes) <0x0-0xFFFFFFFF:8>
   44 00001000         ; </h>
   45 00001000         



ARM Macro Assembler    Page 2 


   46 00001000 00000020 
                       Heap_Size
                               EQU              0x00000020
   47 00001000         
   48 00001000                 AREA             HEAP, NOINIT, READWRITE, ALIGN=
3
   49 00000000         __heap_base
   50 00000000         Heap_Mem
                               SPACE            Heap_Size
   51 00000020         __heap_limit
   52 00000020         
   53 00000020         
   54 00000020                 PRESERVE8
   55 00000020                 THUMB
   56 00000020         
   57 00000020         
   58 00000020         ; Vector Table Mapped to Address 0 at Reset
   59 00000020         
   60 00000020                 AREA             RESET, DATA, READONLY
   61 00000000                 EXPORT           __Vectors
   62 00000000                 EXPORT           __Vectors_End
   63 00000000                 EXPORT           __Vectors_Size
   64 00000000         
   65 00000000                 IMPORT           IPC0_IRQHandler
   66 00000000                 IMPORT           IPC1_IRQHandler
   67 00000000                 IMPORT           IPC2_IRQHandler
   68 00000000                 IMPORT           IPC3_IRQHandler
   69 00000000                 IMPORT           GPIO_IRQHandler
   70 00000000                 IMPORT           SCRT_IRQHandler
   71 00000000                 IMPORT           MSQ_IRQHandler
   72 00000000                 IMPORT           UARTDBG_IRQHandler
   73 00000000                 IMPORT           UART0_IRQHandler
   74 00000000                 IMPORT           UART1_IRQHandler
   75 00000000                 IMPORT           I2C_IRQHandler
   76 00000000                 IMPORT           SPI0_IRQHandler
   77 00000000                 IMPORT           SPI1_IRQHandler
   78 00000000                 IMPORT           SPI2_IRQHandler
   79 00000000                 IMPORT           TIM0_IRQHandler
   80 00000000                 IMPORT           TIM1_IRQHandler
   81 00000000                 IMPORT           WDT_IRQHandler
   82 00000000                 IMPORT           JTAG_IRQHandler
   83 00000000                 IMPORT           DMA_IRQHandler
   84 00000000         
   85 00000000 00000000 
                       __Vectors
                               DCD              __initial_sp ; Top of Stack
   86 00000004 00000000        DCD              Reset_Handler ; Reset Handler
   87 00000008 00000000        DCD              NMI_Handler ; NMI Handler
   88 0000000C 00000000        DCD              HardFault_Handler ; Hard Fault 
                                                            Handler
   89 00000010 00000000        DCD              MemManage_Handler 
                                                            ; MPU Fault Handler
                                                            
   90 00000014 00000000        DCD              BusFault_Handler 
                                                            ; Bus Fault Handler
                                                            
   91 00000018 00000000        DCD              UsageFault_Handler ; Usage Faul
                                                            t Handler
   92 0000001C 00000000        DCD              0           ; Reserved



ARM Macro Assembler    Page 3 


   93 00000020 00000000        DCD              0           ; Reserved
   94 00000024 00000000        DCD              0           ; Reserved
   95 00000028 00000000        DCD              0           ; Reserved
   96 0000002C 00000000        DCD              SVC_Handler ; SVCall Handler
   97 00000030 00000000        DCD              DebugMon_Handler ; Debug Monito
                                                            r Handler
   98 00000034 00000000        DCD              0           ; Reserved
   99 00000038 00000000        DCD              PendSV_Handler ; PendSV Handler
                                                            
  100 0000003C 00000000        DCD              SysTick_Handler 
                                                            ; SysTick Handler
  101 00000040         
  102 00000040         ; External Interrupts
  103 00000040 00000000        DCD              IPC0_IRQHandler ;  0:  IPC0
  104 00000044 00000000        DCD              IPC1_IRQHandler ;  1:  IPC1
  105 00000048 00000000        DCD              IPC2_IRQHandler ;  2:  IPC2
  106 0000004C 00000000        DCD              IPC3_IRQHandler ;  3:  IPC3
  107 00000050 00000000        DCD              GPIO_IRQHandler ;  4:  PMU GPIO
                                                             Int:  
  108 00000054 00000000        DCD              SCRT_IRQHandler ;  5:  SCRT:  
  109 00000058 00000000        DCD              MSQ_IRQHandler ;  6:  MSQ2APS
  110 0000005C 00000000        DCD              UARTDBG_IRQHandler 
                                                            ;  7:  UARTDBG
  111 00000060 00000000        DCD              UART0_IRQHandler ;  8:  UART0 
  112 00000064 00000000        DCD              UART1_IRQHandler ;  9:  UART1 
  113 00000068 00000000        DCD              I2C_IRQHandler ; 10: I2C
  114 0000006C 00000000        DCD              SPI0_IRQHandler ; 11: SPI0
  115 00000070 00000000        DCD              SPI1_IRQHandler ; 12: SPI1
  116 00000074 00000000        DCD              SPI2_IRQHandler ; 13: SPI2
  117 00000078 00000000        DCD              TIM0_IRQHandler ; 14: Timer0
  118 0000007C 00000000        DCD              TIM1_IRQHandler ; 15: Timer1
  119 00000080 00000000        DCD              WDT_IRQHandler ; 16: Watchdog
  120 00000084 00000000        DCD              JTAG_IRQHandler 
                                                            ; 17: JTAG debug
  121 00000088 00000000        DCD              DMA_IRQHandler ; 18: DMA
  122 0000008C 00000000        DCD              0           ; 19: Reserved
  123 00000090 00000000        DCD              0           ; 20: Reserved
  124 00000094 00000000        DCD              0           ; 21: Reserved
  125 00000098 00000000        DCD              0           ; 22: Reserved
  126 0000009C 00000000        DCD              0           ; 23: Reserved
  127 000000A0 00000000        DCD              0           ; 24: Reserved
  128 000000A4 00000000        DCD              0           ; 25: Reserved
  129 000000A8 00000000        DCD              0           ; 26: Reserved
  130 000000AC 00000000        DCD              0           ; 27: Reserved
  131 000000B0 00000000        DCD              0           ; 28: Reserved - CP
                                                            U FPGA CLCD
  132 000000B4 00000000        DCD              0           ; 29: Reserved - CP
                                                            U FPGA
  133 000000B8 00000000        DCD              0           ; 30: Reserved
  134 000000BC 00000000        DCD              0           ; 31: Reserved
  135 000000C0         __Vectors_End
  136 000000C0         
  137 000000C0 000000C0 
                       __Vectors_Size
                               EQU              __Vectors_End - __Vectors
  138 000000C0         
  139 000000C0                 AREA             |.text|, CODE, READONLY
  140 00000000         
  141 00000000         



ARM Macro Assembler    Page 4 


  142 00000000         ; Reset Handler
  143 00000000         
  144 00000000         Reset_Handler
                               PROC
  145 00000000                 EXPORT           Reset_Handler             [WEAK
]
  146 00000000                 IMPORT           Boot_CheckWarmBoot
  147 00000000                 IMPORT           SystemInit
  148 00000000                 IMPORT           __main
  149 00000000                 IMPORT           Boot_MainPatch
  150 00000000         
  151 00000000 480A            LDR              R0, =Boot_CheckWarmBoot
  152 00000002 4780            BLX              R0
  153 00000004 2801            CMP              R0, #1
  154 00000006 D003            BEQ              WarmBoot
  155 00000008         
  156 00000008 4809            LDR              R0, =SystemInit
  157 0000000A 4780            BLX              R0
  158 0000000C 4809            LDR              R0, =__main
  159 0000000E 4700            BX               R0
  160 00000010         WarmBoot
  161 00000010 4809            LDR              R0, =Boot_MainPatch
  162 00000012 6800            LDR              R0, [R0]
  163 00000014 4700            BX               R0
  164 00000016                 ENDP
  165 00000016         
  166 00000016         
  167 00000016         ; Dummy Exception Handlers (infinite loops which can be 
                       modified)
  168 00000016         
  169 00000016         NMI_Handler
                               PROC
  170 00000016                 EXPORT           NMI_Handler               [WEAK
]
  171 00000016 E7FE            B                .
  172 00000018                 ENDP
  174 00000018         HardFault_Handler
                               PROC
  175 00000018                 EXPORT           HardFault_Handler         [WEAK
]
  176 00000018 E7FE            B                .
  177 0000001A                 ENDP
  179 0000001A         MemManage_Handler
                               PROC
  180 0000001A                 EXPORT           MemManage_Handler         [WEAK
]
  181 0000001A E7FE            B                .
  182 0000001C                 ENDP
  184 0000001C         BusFault_Handler
                               PROC
  185 0000001C                 EXPORT           BusFault_Handler          [WEAK
]
  186 0000001C E7FE            B                .
  187 0000001E                 ENDP
  189 0000001E         UsageFault_Handler
                               PROC
  190 0000001E                 EXPORT           UsageFault_Handler        [WEAK
]
  191 0000001E E7FE            B                .



ARM Macro Assembler    Page 5 


  192 00000020                 ENDP
  193 00000020         SVC_Handler
                               PROC
  194 00000020                 EXPORT           SVC_Handler               [WEAK
]
  195 00000020 E7FE            B                .
  196 00000022                 ENDP
  198 00000022         DebugMon_Handler
                               PROC
  199 00000022                 EXPORT           DebugMon_Handler          [WEAK
]
  200 00000022 E7FE            B                .
  201 00000024                 ENDP
  202 00000024         PendSV_Handler
                               PROC
  203 00000024                 EXPORT           PendSV_Handler            [WEAK
]
  204 00000024 E7FE            B                .
  205 00000026                 ENDP
  206 00000026         SysTick_Handler
                               PROC
  207 00000026                 EXPORT           SysTick_Handler           [WEAK
]
  208 00000026 E7FE            B                .
  209 00000028                 ENDP
  210 00000028         
  211 00000028         Default_Handler
                               PROC
  212 00000028 E7FE            B                .
  213 0000002A         
  214 0000002A                 ENDP
  215 0000002A         
  216 0000002A         
  217 0000002A 00 00           ALIGN
  218 0000002C         
  219 0000002C         
  220 0000002C         ; User Initial Stack & Heap
  221 0000002C         
  222 0000002C                 IF               :DEF:__MICROLIB
  223 0000002C         
  224 0000002C                 EXPORT           __initial_sp
  225 0000002C                 EXPORT           __heap_base
  226 0000002C                 EXPORT           __heap_limit
  227 0000002C         
  228 0000002C                 ELSE
  243                          ENDIF
  244 0000002C         
  245 0000002C         
  246 0000002C                 END
              00000000 
              00000000 
              00000000 
              00000000 
Command Line: --debug --xref --diag_suppress=9931 --cpu=Cortex-M3 --apcs=interw
ork --depend=.\output\objects\startup_armcm3.d -o.\output\objects\startup_armcm
3.o --predefine="__MICROLIB SETA 1" --predefine="__UVISION_VERSION SETA 520" --
predefine="ARMCM3 SETA 1" --list=.\output\listings\startup_armcm3.lst ..\..\dri
ver\CMSIS\Device\nl1000\Source\ARM\startup_ARMCM3.s



ARM Macro Assembler    Page 1 Alphabetic symbol ordering
Relocatable symbols

STACK 00000000

Symbol: STACK
   Definitions
      At line 37 in file ..\..\driver\CMSIS\Device\nl1000\Source\ARM\startup_AR
MCM3.s
   Uses
      None
Comment: STACK unused
Stack_Mem 00000000

Symbol: Stack_Mem
   Definitions
      At line 38 in file ..\..\driver\CMSIS\Device\nl1000\Source\ARM\startup_AR
MCM3.s
   Uses
      None
Comment: Stack_Mem unused
__initial_sp 00001000

Symbol: __initial_sp
   Definitions
      At line 39 in file ..\..\driver\CMSIS\Device\nl1000\Source\ARM\startup_AR
MCM3.s
   Uses
      At line 85 in file ..\..\driver\CMSIS\Device\nl1000\Source\ARM\startup_AR
MCM3.s
      At line 224 in file ..\..\driver\CMSIS\Device\nl1000\Source\ARM\startup_A
RMCM3.s

3 symbols



ARM Macro Assembler    Page 1 Alphabetic symbol ordering
Relocatable symbols

HEAP 00000000

Symbol: HEAP
   Definitions
      At line 48 in file ..\..\driver\CMSIS\Device\nl1000\Source\ARM\startup_AR
MCM3.s
   Uses
      None
Comment: HEAP unused
Heap_Mem 00000000

Symbol: Heap_Mem
   Definitions
      At line 50 in file ..\..\driver\CMSIS\Device\nl1000\Source\ARM\startup_AR
MCM3.s
   Uses
      None
Comment: Heap_Mem unused
__heap_base 00000000

Symbol: __heap_base
   Definitions
      At line 49 in file ..\..\driver\CMSIS\Device\nl1000\Source\ARM\startup_AR
MCM3.s
   Uses
      At line 225 in file ..\..\driver\CMSIS\Device\nl1000\Source\ARM\startup_A
RMCM3.s
Comment: __heap_base used once
__heap_limit 00000020

Symbol: __heap_limit
   Definitions
      At line 51 in file ..\..\driver\CMSIS\Device\nl1000\Source\ARM\startup_AR
MCM3.s
   Uses
      At line 226 in file ..\..\driver\CMSIS\Device\nl1000\Source\ARM\startup_A
RMCM3.s
Comment: __heap_limit used once
4 symbols



ARM Macro Assembler    Page 1 Alphabetic symbol ordering
Relocatable symbols

RESET 00000000

Symbol: RESET
   Definitions
      At line 60 in file ..\..\driver\CMSIS\Device\nl1000\Source\ARM\startup_AR
MCM3.s
   Uses
      None
Comment: RESET unused
__Vectors 00000000

Symbol: __Vectors
   Definitions
      At line 85 in file ..\..\driver\CMSIS\Device\nl1000\Source\ARM\startup_AR
MCM3.s
   Uses
      At line 61 in file ..\..\driver\CMSIS\Device\nl1000\Source\ARM\startup_AR
MCM3.s
      At line 137 in file ..\..\driver\CMSIS\Device\nl1000\Source\ARM\startup_A
RMCM3.s

__Vectors_End 000000C0

Symbol: __Vectors_End
   Definitions
      At line 135 in file ..\..\driver\CMSIS\Device\nl1000\Source\ARM\startup_A
RMCM3.s
   Uses
      At line 62 in file ..\..\driver\CMSIS\Device\nl1000\Source\ARM\startup_AR
MCM3.s
      At line 137 in file ..\..\driver\CMSIS\Device\nl1000\Source\ARM\startup_A
RMCM3.s

3 symbols



ARM Macro Assembler    Page 1 Alphabetic symbol ordering
Relocatable symbols

.text 00000000

Symbol: .text
   Definitions
      At line 139 in file ..\..\driver\CMSIS\Device\nl1000\Source\ARM\startup_A
RMCM3.s
   Uses
      None
Comment: .text unused
BusFault_Handler 0000001C

Symbol: BusFault_Handler
   Definitions
      At line 184 in file ..\..\driver\CMSIS\Device\nl1000\Source\ARM\startup_A
RMCM3.s
   Uses
      At line 90 in file ..\..\driver\CMSIS\Device\nl1000\Source\ARM\startup_AR
MCM3.s
      At line 185 in file ..\..\driver\CMSIS\Device\nl1000\Source\ARM\startup_A
RMCM3.s

DebugMon_Handler 00000022

Symbol: DebugMon_Handler
   Definitions
      At line 198 in file ..\..\driver\CMSIS\Device\nl1000\Source\ARM\startup_A
RMCM3.s
   Uses
      At line 97 in file ..\..\driver\CMSIS\Device\nl1000\Source\ARM\startup_AR
MCM3.s
      At line 199 in file ..\..\driver\CMSIS\Device\nl1000\Source\ARM\startup_A
RMCM3.s

Default_Handler 00000028

Symbol: Default_Handler
   Definitions
      At line 211 in file ..\..\driver\CMSIS\Device\nl1000\Source\ARM\startup_A
RMCM3.s
   Uses
      None
Comment: Default_Handler unused
HardFault_Handler 00000018

Symbol: HardFault_Handler
   Definitions
      At line 174 in file ..\..\driver\CMSIS\Device\nl1000\Source\ARM\startup_A
RMCM3.s
   Uses
      At line 88 in file ..\..\driver\CMSIS\Device\nl1000\Source\ARM\startup_AR
MCM3.s
      At line 175 in file ..\..\driver\CMSIS\Device\nl1000\Source\ARM\startup_A
RMCM3.s

MemManage_Handler 0000001A

Symbol: MemManage_Handler
   Definitions
      At line 179 in file ..\..\driver\CMSIS\Device\nl1000\Source\ARM\startup_A



ARM Macro Assembler    Page 2 Alphabetic symbol ordering
Relocatable symbols

RMCM3.s
   Uses
      At line 89 in file ..\..\driver\CMSIS\Device\nl1000\Source\ARM\startup_AR
MCM3.s
      At line 180 in file ..\..\driver\CMSIS\Device\nl1000\Source\ARM\startup_A
RMCM3.s

NMI_Handler 00000016

Symbol: NMI_Handler
   Definitions
      At line 169 in file ..\..\driver\CMSIS\Device\nl1000\Source\ARM\startup_A
RMCM3.s
   Uses
      At line 87 in file ..\..\driver\CMSIS\Device\nl1000\Source\ARM\startup_AR
MCM3.s
      At line 170 in file ..\..\driver\CMSIS\Device\nl1000\Source\ARM\startup_A
RMCM3.s

PendSV_Handler 00000024

Symbol: PendSV_Handler
   Definitions
      At line 202 in file ..\..\driver\CMSIS\Device\nl1000\Source\ARM\startup_A
RMCM3.s
   Uses
      At line 99 in file ..\..\driver\CMSIS\Device\nl1000\Source\ARM\startup_AR
MCM3.s
      At line 203 in file ..\..\driver\CMSIS\Device\nl1000\Source\ARM\startup_A
RMCM3.s

Reset_Handler 00000000

Symbol: Reset_Handler
   Definitions
      At line 144 in file ..\..\driver\CMSIS\Device\nl1000\Source\ARM\startup_A
RMCM3.s
   Uses
      At line 86 in file ..\..\driver\CMSIS\Device\nl1000\Source\ARM\startup_AR
MCM3.s
      At line 145 in file ..\..\driver\CMSIS\Device\nl1000\Source\ARM\startup_A
RMCM3.s

SVC_Handler 00000020

Symbol: SVC_Handler
   Definitions
      At line 193 in file ..\..\driver\CMSIS\Device\nl1000\Source\ARM\startup_A
RMCM3.s
   Uses
      At line 96 in file ..\..\driver\CMSIS\Device\nl1000\Source\ARM\startup_AR
MCM3.s
      At line 194 in file ..\..\driver\CMSIS\Device\nl1000\Source\ARM\startup_A
RMCM3.s

SysTick_Handler 00000026

Symbol: SysTick_Handler
   Definitions



ARM Macro Assembler    Page 3 Alphabetic symbol ordering
Relocatable symbols

      At line 206 in file ..\..\driver\CMSIS\Device\nl1000\Source\ARM\startup_A
RMCM3.s
   Uses
      At line 100 in file ..\..\driver\CMSIS\Device\nl1000\Source\ARM\startup_A
RMCM3.s
      At line 207 in file ..\..\driver\CMSIS\Device\nl1000\Source\ARM\startup_A
RMCM3.s

UsageFault_Handler 0000001E

Symbol: UsageFault_Handler
   Definitions
      At line 189 in file ..\..\driver\CMSIS\Device\nl1000\Source\ARM\startup_A
RMCM3.s
   Uses
      At line 91 in file ..\..\driver\CMSIS\Device\nl1000\Source\ARM\startup_AR
MCM3.s
      At line 190 in file ..\..\driver\CMSIS\Device\nl1000\Source\ARM\startup_A
RMCM3.s

WarmBoot 00000010

Symbol: WarmBoot
   Definitions
      At line 160 in file ..\..\driver\CMSIS\Device\nl1000\Source\ARM\startup_A
RMCM3.s
   Uses
      At line 154 in file ..\..\driver\CMSIS\Device\nl1000\Source\ARM\startup_A
RMCM3.s
Comment: WarmBoot used once
13 symbols



ARM Macro Assembler    Page 1 Alphabetic symbol ordering
Absolute symbols

Heap_Size 00000020

Symbol: Heap_Size
   Definitions
      At line 46 in file ..\..\driver\CMSIS\Device\nl1000\Source\ARM\startup_AR
MCM3.s
   Uses
      At line 50 in file ..\..\driver\CMSIS\Device\nl1000\Source\ARM\startup_AR
MCM3.s
Comment: Heap_Size used once
Stack_Size 00001000

Symbol: Stack_Size
   Definitions
      At line 35 in file ..\..\driver\CMSIS\Device\nl1000\Source\ARM\startup_AR
MCM3.s
   Uses
      At line 38 in file ..\..\driver\CMSIS\Device\nl1000\Source\ARM\startup_AR
MCM3.s
Comment: Stack_Size used once
__Vectors_Size 000000C0

Symbol: __Vectors_Size
   Definitions
      At line 137 in file ..\..\driver\CMSIS\Device\nl1000\Source\ARM\startup_A
RMCM3.s
   Uses
      At line 63 in file ..\..\driver\CMSIS\Device\nl1000\Source\ARM\startup_AR
MCM3.s
Comment: __Vectors_Size used once
3 symbols



ARM Macro Assembler    Page 1 Alphabetic symbol ordering
External symbols

Boot_CheckWarmBoot 00000000

Symbol: Boot_CheckWarmBoot
   Definitions
      At line 146 in file ..\..\driver\CMSIS\Device\nl1000\Source\ARM\startup_A
RMCM3.s
   Uses
      At line 151 in file ..\..\driver\CMSIS\Device\nl1000\Source\ARM\startup_A
RMCM3.s
Comment: Boot_CheckWarmBoot used once
Boot_MainPatch 00000000

Symbol: Boot_MainPatch
   Definitions
      At line 149 in file ..\..\driver\CMSIS\Device\nl1000\Source\ARM\startup_A
RMCM3.s
   Uses
      At line 161 in file ..\..\driver\CMSIS\Device\nl1000\Source\ARM\startup_A
RMCM3.s
Comment: Boot_MainPatch used once
DMA_IRQHandler 00000000

Symbol: DMA_IRQHandler
   Definitions
      At line 83 in file ..\..\driver\CMSIS\Device\nl1000\Source\ARM\startup_AR
MCM3.s
   Uses
      At line 121 in file ..\..\driver\CMSIS\Device\nl1000\Source\ARM\startup_A
RMCM3.s
Comment: DMA_IRQHandler used once
GPIO_IRQHandler 00000000

Symbol: GPIO_IRQHandler
   Definitions
      At line 69 in file ..\..\driver\CMSIS\Device\nl1000\Source\ARM\startup_AR
MCM3.s
   Uses
      At line 107 in file ..\..\driver\CMSIS\Device\nl1000\Source\ARM\startup_A
RMCM3.s
Comment: GPIO_IRQHandler used once
I2C_IRQHandler 00000000

Symbol: I2C_IRQHandler
   Definitions
      At line 75 in file ..\..\driver\CMSIS\Device\nl1000\Source\ARM\startup_AR
MCM3.s
   Uses
      At line 113 in file ..\..\driver\CMSIS\Device\nl1000\Source\ARM\startup_A
RMCM3.s
Comment: I2C_IRQHandler used once
IPC0_IRQHandler 00000000

Symbol: IPC0_IRQHandler
   Definitions
      At line 65 in file ..\..\driver\CMSIS\Device\nl1000\Source\ARM\startup_AR
MCM3.s
   Uses
      At line 103 in file ..\..\driver\CMSIS\Device\nl1000\Source\ARM\startup_A
RMCM3.s



ARM Macro Assembler    Page 2 Alphabetic symbol ordering
External symbols

Comment: IPC0_IRQHandler used once
IPC1_IRQHandler 00000000

Symbol: IPC1_IRQHandler
   Definitions
      At line 66 in file ..\..\driver\CMSIS\Device\nl1000\Source\ARM\startup_AR
MCM3.s
   Uses
      At line 104 in file ..\..\driver\CMSIS\Device\nl1000\Source\ARM\startup_A
RMCM3.s
Comment: IPC1_IRQHandler used once
IPC2_IRQHandler 00000000

Symbol: IPC2_IRQHandler
   Definitions
      At line 67 in file ..\..\driver\CMSIS\Device\nl1000\Source\ARM\startup_AR
MCM3.s
   Uses
      At line 105 in file ..\..\driver\CMSIS\Device\nl1000\Source\ARM\startup_A
RMCM3.s
Comment: IPC2_IRQHandler used once
IPC3_IRQHandler 00000000

Symbol: IPC3_IRQHandler
   Definitions
      At line 68 in file ..\..\driver\CMSIS\Device\nl1000\Source\ARM\startup_AR
MCM3.s
   Uses
      At line 106 in file ..\..\driver\CMSIS\Device\nl1000\Source\ARM\startup_A
RMCM3.s
Comment: IPC3_IRQHandler used once
JTAG_IRQHandler 00000000

Symbol: JTAG_IRQHandler
   Definitions
      At line 82 in file ..\..\driver\CMSIS\Device\nl1000\Source\ARM\startup_AR
MCM3.s
   Uses
      At line 120 in file ..\..\driver\CMSIS\Device\nl1000\Source\ARM\startup_A
RMCM3.s
Comment: JTAG_IRQHandler used once
MSQ_IRQHandler 00000000

Symbol: MSQ_IRQHandler
   Definitions
      At line 71 in file ..\..\driver\CMSIS\Device\nl1000\Source\ARM\startup_AR
MCM3.s
   Uses
      At line 109 in file ..\..\driver\CMSIS\Device\nl1000\Source\ARM\startup_A
RMCM3.s
Comment: MSQ_IRQHandler used once
SCRT_IRQHandler 00000000

Symbol: SCRT_IRQHandler
   Definitions
      At line 70 in file ..\..\driver\CMSIS\Device\nl1000\Source\ARM\startup_AR
MCM3.s
   Uses
      At line 108 in file ..\..\driver\CMSIS\Device\nl1000\Source\ARM\startup_A



ARM Macro Assembler    Page 3 Alphabetic symbol ordering
External symbols

RMCM3.s
Comment: SCRT_IRQHandler used once
SPI0_IRQHandler 00000000

Symbol: SPI0_IRQHandler
   Definitions
      At line 76 in file ..\..\driver\CMSIS\Device\nl1000\Source\ARM\startup_AR
MCM3.s
   Uses
      At line 114 in file ..\..\driver\CMSIS\Device\nl1000\Source\ARM\startup_A
RMCM3.s
Comment: SPI0_IRQHandler used once
SPI1_IRQHandler 00000000

Symbol: SPI1_IRQHandler
   Definitions
      At line 77 in file ..\..\driver\CMSIS\Device\nl1000\Source\ARM\startup_AR
MCM3.s
   Uses
      At line 115 in file ..\..\driver\CMSIS\Device\nl1000\Source\ARM\startup_A
RMCM3.s
Comment: SPI1_IRQHandler used once
SPI2_IRQHandler 00000000

Symbol: SPI2_IRQHandler
   Definitions
      At line 78 in file ..\..\driver\CMSIS\Device\nl1000\Source\ARM\startup_AR
MCM3.s
   Uses
      At line 116 in file ..\..\driver\CMSIS\Device\nl1000\Source\ARM\startup_A
RMCM3.s
Comment: SPI2_IRQHandler used once
SystemInit 00000000

Symbol: SystemInit
   Definitions
      At line 147 in file ..\..\driver\CMSIS\Device\nl1000\Source\ARM\startup_A
RMCM3.s
   Uses
      At line 156 in file ..\..\driver\CMSIS\Device\nl1000\Source\ARM\startup_A
RMCM3.s
Comment: SystemInit used once
TIM0_IRQHandler 00000000

Symbol: TIM0_IRQHandler
   Definitions
      At line 79 in file ..\..\driver\CMSIS\Device\nl1000\Source\ARM\startup_AR
MCM3.s
   Uses
      At line 117 in file ..\..\driver\CMSIS\Device\nl1000\Source\ARM\startup_A
RMCM3.s
Comment: TIM0_IRQHandler used once
TIM1_IRQHandler 00000000

Symbol: TIM1_IRQHandler
   Definitions
      At line 80 in file ..\..\driver\CMSIS\Device\nl1000\Source\ARM\startup_AR
MCM3.s
   Uses



ARM Macro Assembler    Page 4 Alphabetic symbol ordering
External symbols

      At line 118 in file ..\..\driver\CMSIS\Device\nl1000\Source\ARM\startup_A
RMCM3.s
Comment: TIM1_IRQHandler used once
UART0_IRQHandler 00000000

Symbol: UART0_IRQHandler
   Definitions
      At line 73 in file ..\..\driver\CMSIS\Device\nl1000\Source\ARM\startup_AR
MCM3.s
   Uses
      At line 111 in file ..\..\driver\CMSIS\Device\nl1000\Source\ARM\startup_A
RMCM3.s
Comment: UART0_IRQHandler used once
UART1_IRQHandler 00000000

Symbol: UART1_IRQHandler
   Definitions
      At line 74 in file ..\..\driver\CMSIS\Device\nl1000\Source\ARM\startup_AR
MCM3.s
   Uses
      At line 112 in file ..\..\driver\CMSIS\Device\nl1000\Source\ARM\startup_A
RMCM3.s
Comment: UART1_IRQHandler used once
UARTDBG_IRQHandler 00000000

Symbol: UARTDBG_IRQHandler
   Definitions
      At line 72 in file ..\..\driver\CMSIS\Device\nl1000\Source\ARM\startup_AR
MCM3.s
   Uses
      At line 110 in file ..\..\driver\CMSIS\Device\nl1000\Source\ARM\startup_A
RMCM3.s
Comment: UARTDBG_IRQHandler used once
WDT_IRQHandler 00000000

Symbol: WDT_IRQHandler
   Definitions
      At line 81 in file ..\..\driver\CMSIS\Device\nl1000\Source\ARM\startup_AR
MCM3.s
   Uses
      At line 119 in file ..\..\driver\CMSIS\Device\nl1000\Source\ARM\startup_A
RMCM3.s
Comment: WDT_IRQHandler used once
__main 00000000

Symbol: __main
   Definitions
      At line 148 in file ..\..\driver\CMSIS\Device\nl1000\Source\ARM\startup_A
RMCM3.s
   Uses
      At line 158 in file ..\..\driver\CMSIS\Device\nl1000\Source\ARM\startup_A
RMCM3.s
Comment: __main used once
23 symbols
384 symbols in table
